C:\USERS\USER\DESKTOP\YAN WEI\C++\GETPOSBYSDK\DEBUG\GETPOSBYSDK.EXE
C:\USERS\USER\DESKTOP\YAN WEI\C++\GETPOSBYSDK\DEBUG\GETPOSBYSDK.ILK
C:\USERS\USER\DESKTOP\YAN WEI\C++\GETPOSBYSDK\DEBUG\GETPOSBYSDK.PDB
C:\Users\user\Desktop\Yan Wei\C++\GetPosBySDK\GetPosBySDK\Debug\cl.command.1.tlog
C:\Users\user\Desktop\Yan Wei\C++\GetPosBySDK\GetPosBySDK\Debug\CL.read.1.tlog
C:\Users\user\Desktop\Yan Wei\C++\GetPosBySDK\GetPosBySDK\Debug\CL.write.1.tlog
C:\USERS\USER\DESKTOP\YAN WEI\C++\GETPOSBYSDK\GETPOSBYSDK\DEBUG\CMD.OBJ
C:\USERS\USER\DESKTOP\YAN WEI\C++\GETPOSBYSDK\GETPOSBYSDK\DEBUG\GETPOSBYSDK.EXE.EMBED.MANIFEST
C:\USERS\USER\DESKTOP\YAN WEI\C++\GETPOSBYSDK\GETPOSBYSDK\DEBUG\GETPOSBYSDK.EXE.EMBED.MANIFEST.RES
C:\USERS\USER\DESKTOP\YAN WEI\C++\GETPOSBYSDK\GETPOSBYSDK\DEBUG\GETPOSBYSDK.EXE.INTERMEDIATE.MANIFEST
C:\USERS\USER\DESKTOP\YAN WEI\C++\GETPOSBYSDK\GETPOSBYSDK\DEBUG\GETPOSBYSDK.OBJ
C:\USERS\USER\DESKTOP\YAN WEI\C++\GETPOSBYSDK\GETPOSBYSDK\DEBUG\GETPOSBYSDK.PCH
C:\Users\user\Desktop\Yan Wei\C++\GetPosBySDK\GetPosBySDK\Debug\GetPosBySDK.vcxprojResolveAssemblyReference.cache
C:\Users\user\Desktop\Yan Wei\C++\GetPosBySDK\GetPosBySDK\Debug\GetPosBySDK.write.1.tlog
C:\Users\user\Desktop\Yan Wei\C++\GetPosBySDK\GetPosBySDK\Debug\GetPosBySDK_manifest.rc
C:\Users\user\Desktop\Yan Wei\C++\GetPosBySDK\GetPosBySDK\Debug\link.1760.read.1.tlog
C:\Users\user\Desktop\Yan Wei\C++\GetPosBySDK\GetPosBySDK\Debug\link.1760.write.1.tlog
C:\Users\user\Desktop\Yan Wei\C++\GetPosBySDK\GetPosBySDK\Debug\link.1760-cvtres.read.1.tlog
C:\Users\user\Desktop\Yan Wei\C++\GetPosBySDK\GetPosBySDK\Debug\link.1760-cvtres.write.1.tlog
C:\Users\user\Desktop\Yan Wei\C++\GetPosBySDK\GetPosBySDK\Debug\link.2072.read.1.tlog
C:\Users\user\Desktop\Yan Wei\C++\GetPosBySDK\GetPosBySDK\Debug\link.2072.write.1.tlog
C:\Users\user\Desktop\Yan Wei\C++\GetPosBySDK\GetPosBySDK\Debug\link.2072-cvtres.read.1.tlog
C:\Users\user\Desktop\Yan Wei\C++\GetPosBySDK\GetPosBySDK\Debug\link.2072-cvtres.write.1.tlog
C:\Users\user\Desktop\Yan Wei\C++\GetPosBySDK\GetPosBySDK\Debug\link.4424.read.1.tlog
C:\Users\user\Desktop\Yan Wei\C++\GetPosBySDK\GetPosBySDK\Debug\link.4424.write.1.tlog
C:\Users\user\Desktop\Yan Wei\C++\GetPosBySDK\GetPosBySDK\Debug\link.4424-cvtres.read.1.tlog
C:\Users\user\Desktop\Yan Wei\C++\GetPosBySDK\GetPosBySDK\Debug\link.4424-cvtres.write.1.tlog
C:\Users\user\Desktop\Yan Wei\C++\GetPosBySDK\GetPosBySDK\Debug\link.command.1.tlog
C:\Users\user\Desktop\Yan Wei\C++\GetPosBySDK\GetPosBySDK\Debug\link.read.1.tlog
C:\Users\user\Desktop\Yan Wei\C++\GetPosBySDK\GetPosBySDK\Debug\link.write.1.tlog
C:\Users\user\Desktop\Yan Wei\C++\GetPosBySDK\GetPosBySDK\Debug\link-cvtres.read.1.tlog
C:\Users\user\Desktop\Yan Wei\C++\GetPosBySDK\GetPosBySDK\Debug\link-cvtres.write.1.tlog
C:\Users\user\Desktop\Yan Wei\C++\GetPosBySDK\GetPosBySDK\Debug\mt.command.1.tlog
C:\Users\user\Desktop\Yan Wei\C++\GetPosBySDK\GetPosBySDK\Debug\mt.read.1.tlog
C:\Users\user\Desktop\Yan Wei\C++\GetPosBySDK\GetPosBySDK\Debug\mt.write.1.tlog
C:\USERS\USER\DESKTOP\YAN WEI\C++\GETPOSBYSDK\GETPOSBYSDK\DEBUG\PENDULUM.OBJ
C:\USERS\USER\DESKTOP\YAN WEI\C++\GETPOSBYSDK\GETPOSBYSDK\DEBUG\PIDCONTROLLER.OBJ
C:\Users\user\Desktop\Yan Wei\C++\GetPosBySDK\GetPosBySDK\Debug\rc.command.1.tlog
C:\Users\user\Desktop\Yan Wei\C++\GetPosBySDK\GetPosBySDK\Debug\rc.read.1.tlog
C:\Users\user\Desktop\Yan Wei\C++\GetPosBySDK\GetPosBySDK\Debug\rc.write.1.tlog
C:\USERS\USER\DESKTOP\YAN WEI\C++\GETPOSBYSDK\GETPOSBYSDK\DEBUG\STDAFX.OBJ
C:\Users\user\Desktop\Yan Wei\C++\GetPosBySDK\GetPosBySDK\Debug\vc100.idb
C:\USERS\USER\DESKTOP\YAN WEI\C++\GETPOSBYSDK\GETPOSBYSDK\DEBUG\VC100.PDB
