Build started 12/27/2016 3:21:48 AM.
     1>Project "C:\Users\user\Desktop\Yan Wei\C++\GetPosBySDK\GetPosBySDK\GetPosBySDK.vcxproj" on node 2 (build target(s)).
     1>InitializeBuildStatus:
         Creating "Debug\GetPosBySDK.unsuccessfulbuild" because "AlwaysCreate" was specified.
       ClCompile:
         C:\Program Files (x86)\Microsoft Visual Studio 10.0\VC\bin\CL.exe /c /I"C:\Users\user\Desktop\Yan Wei\C++\GetPosBySDK\GetPosBySDK\include" /ZI /nologo /W3 /WX- /Od /Oy- /D WIN32 /D _DEBUG /D _CONSOLE /D _UNICODE /D UNICODE /Gm /EHsc /RTC1 /MDd /GS /fp:precise /Zc:wchar_t /Zc:forScope /Yc"StdAfx.h" /Fp"Debug\GetPosBySDK.pch" /Fo"Debug\\" /Fd"Debug\vc100.pdb" /Gd /TP /analyze- /errorReport:prompt stdafx.cpp
         stdafx.cpp
         C:\Program Files (x86)\Microsoft Visual Studio 10.0\VC\bin\CL.exe /c /I"C:\Users\user\Desktop\Yan Wei\C++\GetPosBySDK\GetPosBySDK\include" /ZI /nologo /W3 /WX- /Od /Oy- /D WIN32 /D _DEBUG /D _CONSOLE /D _UNICODE /D UNICODE /Gm /EHsc /RTC1 /MDd /GS /fp:precise /Zc:wchar_t /Zc:forScope /Yu"StdAfx.h" /Fp"Debug\GetPosBySDK.pch" /Fo"Debug\\" /Fd"Debug\vc100.pdb" /Gd /TP /analyze- /errorReport:prompt CMD.cpp GetPosBySDK.cpp PIDController.cpp Pendulum.cpp
         Pendulum.cpp
         PIDController.cpp
         GetPosBySDK.cpp
     1>c:\users\user\desktop\yan wei\c++\getposbysdk\getposbysdk\getposbysdk.cpp(75): warning C4305: 'initializing' : truncation from 'double' to 'float'
     1>c:\users\user\desktop\yan wei\c++\getposbysdk\getposbysdk\getposbysdk.cpp(75): warning C4305: 'initializing' : truncation from 'double' to 'float'
     1>c:\users\user\desktop\yan wei\c++\getposbysdk\getposbysdk\getposbysdk.cpp(128): warning C4309: '=' : truncation of constant value
     1>c:\users\user\desktop\yan wei\c++\getposbysdk\getposbysdk\getposbysdk.cpp(435): warning C4244: '=' : conversion from 'double' to 'float', possible loss of data
     1>c:\users\user\desktop\yan wei\c++\getposbysdk\getposbysdk\getposbysdk.cpp(436): warning C4244: '=' : conversion from 'double' to 'float', possible loss of data
     1>c:\users\user\desktop\yan wei\c++\getposbysdk\getposbysdk\getposbysdk.cpp(490): warning C4244: '=' : conversion from 'double' to 'float', possible loss of data
     1>c:\users\user\desktop\yan wei\c++\getposbysdk\getposbysdk\getposbysdk.cpp(493): warning C4244: '=' : conversion from 'double' to 'float', possible loss of data
         CMD.cpp
         Generating Code...
       ManifestResourceCompile:
         C:\Program Files (x86)\Microsoft SDKs\Windows\v7.0A\bin\rc.exe /nologo /fo"Debug\GetPosBySDK.exe.embed.manifest.res" Debug\GetPosBySDK_manifest.rc 
       Link:
         C:\Program Files (x86)\Microsoft Visual Studio 10.0\VC\bin\link.exe /ERRORREPORT:PROMPT /OUT:"C:\Users\user\Desktop\Yan Wei\C++\GetPosBySDK\Debug\GetPosBySDK.exe" /INCREMENTAL /NOLOGO /LIBPATH:"C:\Users\user\Desktop\Yan Wei\C++\GetPosBySDK\GetPosBySDK\lib" NatNetLibStatic.lib ws2_32.lib opencv_calib3d2410.lib opencv_calib3d2410d.lib opencv_contrib2410.lib opencv_contrib2410d.lib opencv_core2410.lib opencv_core2410d.lib opencv_features2d2410.lib opencv_features2d2410d.lib opencv_flann2410.lib opencv_flann2410d.lib opencv_gpu2410.lib opencv_gpu2410d.lib opencv_highgui2410.lib opencv_highgui2410d.lib opencv_imgproc2410.lib opencv_imgproc2410d.lib opencv_legacy2410.lib opencv_legacy2410d.lib opencv_ml2410.lib opencv_ml2410d.lib opencv_nonfree2410.lib opencv_nonfree2410d.lib opencv_objdetect2410.lib opencv_objdetect2410d.lib opencv_ocl2410.lib opencv_ocl2410d.lib opencv_photo2410.lib opencv_photo2410d.lib opencv_stitching2410.lib opencv_stitching2410d.lib opencv_superres2410.lib opencv_superres2410d.lib opencv_ts2410.lib opencv_ts2410d.lib opencv_video2410.lib opencv_video2410d.lib opencv_videostab2410.lib opencv_videostab2410d.lib kernel32.lib user32.lib gdi32.lib winspool.lib comdlg32.lib advapi32.lib shell32.lib ole32.lib oleaut32.lib uuid.lib odbc32.lib odbccp32.lib /MANIFEST /ManifestFile:"Debug\GetPosBySDK.exe.intermediate.manifest" /MANIFESTUAC:"level='asInvoker' uiAccess='false'" /DEBUG /PDB:"C:\Users\user\Desktop\Yan Wei\C++\GetPosBySDK\Debug\GetPosBySDK.pdb" /SUBSYSTEM:CONSOLE /TLBID:1 /DYNAMICBASE /NXCOMPAT /IMPLIB:"C:\Users\user\Desktop\Yan Wei\C++\GetPosBySDK\Debug\GetPosBySDK.lib" /MACHINE:X86 Debug\GetPosBySDK.exe.embed.manifest.res
         Debug\CMD.obj
         Debug\GetPosBySDK.obj
         Debug\Pendulum.obj
         Debug\PIDController.obj
         Debug\stdafx.obj
     1>LINK : warning LNK4098: defaultlib 'MSVCRT' conflicts with use of other libs; use /NODEFAULTLIB:library
     1>NatNetLibStatic.lib(ClientCore.obj) : warning LNK4099: PDB 'vc100.pdb' was not found with 'NatNetLibStatic.lib(ClientCore.obj)' or at 'C:\Users\user\Desktop\Yan Wei\C++\GetPosBySDK\Debug\vc100.pdb'; linking object as if no debug info
     1>NatNetLibStatic.lib(NatNetClient.obj) : warning LNK4099: PDB 'vc100.pdb' was not found with 'NatNetLibStatic.lib(NatNetClient.obj)' or at 'C:\Users\user\Desktop\Yan Wei\C++\GetPosBySDK\Debug\vc100.pdb'; linking object as if no debug info
     1>NatNetLibStatic.lib(NatNetHelper.obj) : warning LNK4099: PDB 'vc100.pdb' was not found with 'NatNetLibStatic.lib(NatNetHelper.obj)' or at 'C:\Users\user\Desktop\Yan Wei\C++\GetPosBySDK\Debug\vc100.pdb'; linking object as if no debug info
     1>NatNetLibStatic.lib(quattoeuler.obj) : warning LNK4099: PDB 'vc100.pdb' was not found with 'NatNetLibStatic.lib(quattoeuler.obj)' or at 'C:\Users\user\Desktop\Yan Wei\C++\GetPosBySDK\Debug\vc100.pdb'; linking object as if no debug info
     1>NatNetLibStatic.lib(UnicastClientCore.obj) : warning LNK4099: PDB 'vc100.pdb' was not found with 'NatNetLibStatic.lib(UnicastClientCore.obj)' or at 'C:\Users\user\Desktop\Yan Wei\C++\GetPosBySDK\Debug\vc100.pdb'; linking object as if no debug info
       Manifest:
         C:\Program Files (x86)\Microsoft SDKs\Windows\v7.0A\bin\mt.exe /nologo /verbose /out:"Debug\GetPosBySDK.exe.embed.manifest" /manifest Debug\GetPosBySDK.exe.intermediate.manifest
         C:\Program Files (x86)\Microsoft SDKs\Windows\v7.0A\bin\rc.exe /nologo /fo"Debug\GetPosBySDK.exe.embed.manifest.res" Debug\GetPosBySDK_manifest.rc 
       LinkEmbedManifest:
         C:\Program Files (x86)\Microsoft Visual Studio 10.0\VC\bin\link.exe /ERRORREPORT:PROMPT /OUT:"C:\Users\user\Desktop\Yan Wei\C++\GetPosBySDK\Debug\GetPosBySDK.exe" /INCREMENTAL /NOLOGO /LIBPATH:"C:\Users\user\Desktop\Yan Wei\C++\GetPosBySDK\GetPosBySDK\lib" NatNetLibStatic.lib ws2_32.lib opencv_calib3d2410.lib opencv_calib3d2410d.lib opencv_contrib2410.lib opencv_contrib2410d.lib opencv_core2410.lib opencv_core2410d.lib opencv_features2d2410.lib opencv_features2d2410d.lib opencv_flann2410.lib opencv_flann2410d.lib opencv_gpu2410.lib opencv_gpu2410d.lib opencv_highgui2410.lib opencv_highgui2410d.lib opencv_imgproc2410.lib opencv_imgproc2410d.lib opencv_legacy2410.lib opencv_legacy2410d.lib opencv_ml2410.lib opencv_ml2410d.lib opencv_nonfree2410.lib opencv_nonfree2410d.lib opencv_objdetect2410.lib opencv_objdetect2410d.lib opencv_ocl2410.lib opencv_ocl2410d.lib opencv_photo2410.lib opencv_photo2410d.lib opencv_stitching2410.lib opencv_stitching2410d.lib opencv_superres2410.lib opencv_superres2410d.lib opencv_ts2410.lib opencv_ts2410d.lib opencv_video2410.lib opencv_video2410d.lib opencv_videostab2410.lib opencv_videostab2410d.lib kernel32.lib user32.lib gdi32.lib winspool.lib comdlg32.lib advapi32.lib shell32.lib ole32.lib oleaut32.lib uuid.lib odbc32.lib odbccp32.lib /MANIFEST /ManifestFile:"Debug\GetPosBySDK.exe.intermediate.manifest" /MANIFESTUAC:"level='asInvoker' uiAccess='false'" /DEBUG /PDB:"C:\Users\user\Desktop\Yan Wei\C++\GetPosBySDK\Debug\GetPosBySDK.pdb" /SUBSYSTEM:CONSOLE /TLBID:1 /DYNAMICBASE /NXCOMPAT /IMPLIB:"C:\Users\user\Desktop\Yan Wei\C++\GetPosBySDK\Debug\GetPosBySDK.lib" /MACHINE:X86 Debug\GetPosBySDK.exe.embed.manifest.res
         Debug\CMD.obj
         Debug\GetPosBySDK.obj
         Debug\Pendulum.obj
         Debug\PIDController.obj
         Debug\stdafx.obj
     1>LINK : warning LNK4098: defaultlib 'MSVCRT' conflicts with use of other libs; use /NODEFAULTLIB:library
     1>NatNetLibStatic.lib(ClientCore.obj) : warning LNK4099: PDB 'vc100.pdb' was not found with 'NatNetLibStatic.lib(ClientCore.obj)' or at 'C:\Users\user\Desktop\Yan Wei\C++\GetPosBySDK\Debug\vc100.pdb'; linking object as if no debug info
     1>NatNetLibStatic.lib(NatNetClient.obj) : warning LNK4099: PDB 'vc100.pdb' was not found with 'NatNetLibStatic.lib(NatNetClient.obj)' or at 'C:\Users\user\Desktop\Yan Wei\C++\GetPosBySDK\Debug\vc100.pdb'; linking object as if no debug info
     1>NatNetLibStatic.lib(NatNetHelper.obj) : warning LNK4099: PDB 'vc100.pdb' was not found with 'NatNetLibStatic.lib(NatNetHelper.obj)' or at 'C:\Users\user\Desktop\Yan Wei\C++\GetPosBySDK\Debug\vc100.pdb'; linking object as if no debug info
     1>NatNetLibStatic.lib(quattoeuler.obj) : warning LNK4099: PDB 'vc100.pdb' was not found with 'NatNetLibStatic.lib(quattoeuler.obj)' or at 'C:\Users\user\Desktop\Yan Wei\C++\GetPosBySDK\Debug\vc100.pdb'; linking object as if no debug info
     1>NatNetLibStatic.lib(UnicastClientCore.obj) : warning LNK4099: PDB 'vc100.pdb' was not found with 'NatNetLibStatic.lib(UnicastClientCore.obj)' or at 'C:\Users\user\Desktop\Yan Wei\C++\GetPosBySDK\Debug\vc100.pdb'; linking object as if no debug info
         GetPosBySDK.vcxproj -> C:\Users\user\Desktop\Yan Wei\C++\GetPosBySDK\Debug\GetPosBySDK.exe
       FinalizeBuildStatus:
         Deleting file "Debug\GetPosBySDK.unsuccessfulbuild".
         Touching "Debug\GetPosBySDK.lastbuildstate".
     1>Done Building Project "C:\Users\user\Desktop\Yan Wei\C++\GetPosBySDK\GetPosBySDK\GetPosBySDK.vcxproj" (build target(s)).

Build succeeded.

Time Elapsed 00:00:01.73
