生成启动时间为 2017/7/22 13:55:01。
     1>项目“E:\毕业交接-师弟\12 详细资料—各版本\03 视觉系统端程序\YanWei\20170616\C++\GetPosBySDK - 3DR - twobody\GetPosBySDK\GetPosBySDK.vcxproj”在节点 2 上(Build 个目标)。
     1>ClCompile:
         D:\VS2013\VC\bin\CL.exe /c /I"C:\Users\user\Desktop\Yan Wei\C++\GetPosBySDK\GetPosBySDK\include" /ZI /nologo /W3 /WX- /Od /Oy- /D WIN32 /D _DEBUG /D _CONSOLE /D _UNICODE /D UNICODE /Gm /EHsc /RTC1 /MDd /GS /fp:precise /Zc:wchar_t /Zc:forScope /Yc"stdafx.h" /Fp"Debug\GetPosBySDK.pch" /Fo"Debug\\" /Fd"Debug\vc120.pdb" /Gd /TP /analyze- /errorReport:prompt stdafx.cpp
         stdafx.cpp
         D:\VS2013\VC\bin\CL.exe /c /I"C:\Users\user\Desktop\Yan Wei\C++\GetPosBySDK\GetPosBySDK\include" /ZI /nologo /W3 /WX- /Od /Oy- /D WIN32 /D _DEBUG /D _CONSOLE /D _UNICODE /D UNICODE /Gm /EHsc /RTC1 /MDd /GS /fp:precise /Zc:wchar_t /Zc:forScope /Yu"stdafx.h" /Fp"Debug\GetPosBySDK.pch" /Fo"Debug\\" /Fd"Debug\vc120.pdb" /Gd /TP /analyze- /errorReport:prompt CMD.cpp GetPosBySDK.cpp Pendulum.cpp PIDController.cpp
         PIDController.cpp
         Pendulum.cpp
         GetPosBySDK.cpp
     1>e:\毕业交接-师弟\12 详细资料—各版本\03 视觉系统端程序\yanwei\20170616\c++\getposbysdk - 3dr - twobody\getposbysdk\getposbysdk.cpp(22): fatal error C1083: 无法打开包括文件: “NatNetTypes.h”: No such file or directory
         CMD.cpp
     1>e:\毕业交接-师弟\12 详细资料—各版本\03 视觉系统端程序\yanwei\20170616\c++\getposbysdk - 3dr - twobody\getposbysdk\cmd.cpp(30): warning C4309: “=”: 截断常量值
     1>e:\毕业交接-师弟\12 详细资料—各版本\03 视觉系统端程序\yanwei\20170616\c++\getposbysdk - 3dr - twobody\getposbysdk\cmd.cpp(42): warning C4309: “=”: 截断常量值
     1>e:\毕业交接-师弟\12 详细资料—各版本\03 视觉系统端程序\yanwei\20170616\c++\getposbysdk - 3dr - twobody\getposbysdk\cmd.cpp(53): warning C4309: “=”: 截断常量值
     1>e:\毕业交接-师弟\12 详细资料—各版本\03 视觉系统端程序\yanwei\20170616\c++\getposbysdk - 3dr - twobody\getposbysdk\cmd.cpp(65): warning C4309: “=”: 截断常量值
     1>e:\毕业交接-师弟\12 详细资料—各版本\03 视觉系统端程序\yanwei\20170616\c++\getposbysdk - 3dr - twobody\getposbysdk\cmd.cpp(121): warning C4309: “=”: 截断常量值
     1>e:\毕业交接-师弟\12 详细资料—各版本\03 视觉系统端程序\yanwei\20170616\c++\getposbysdk - 3dr - twobody\getposbysdk\cmd.cpp(133): warning C4309: “=”: 截断常量值
     1>e:\毕业交接-师弟\12 详细资料—各版本\03 视觉系统端程序\yanwei\20170616\c++\getposbysdk - 3dr - twobody\getposbysdk\cmd.cpp(165): warning C4309: “=”: 截断常量值
     1>e:\毕业交接-师弟\12 详细资料—各版本\03 视觉系统端程序\yanwei\20170616\c++\getposbysdk - 3dr - twobody\getposbysdk\cmd.cpp(177): warning C4309: “=”: 截断常量值
         正在生成代码...
     1>已完成生成项目“E:\毕业交接-师弟\12 详细资料—各版本\03 视觉系统端程序\YanWei\20170616\C++\GetPosBySDK - 3DR - twobody\GetPosBySDK\GetPosBySDK.vcxproj”(Build 个目标)的操作 - 失败。

生成失败。

已用时间 00:00:06.38
