C:\USERS\USER\DESKTOP\YAN WEI\C++\GETPOSBYSDK - 3DR - TWOBODY\DEBUG\GETPOSBYSDK.EXE
C:\USERS\USER\DESKTOP\YAN WEI\C++\GETPOSBYSDK - 3DR - TWOBODY\DEBUG\GETPOSBYSDK.ILK
C:\USERS\USER\DESKTOP\YAN WEI\C++\GETPOSBYSDK - 3DR - TWOBODY\DEBUG\GETPOSBYSDK.PDB
C:\Users\user\Desktop\Yan Wei\C++\GetPosBySDK - 3DR - twobody\GetPosBySDK\Debug\cl.command.1.tlog
C:\Users\user\Desktop\Yan Wei\C++\GetPosBySDK - 3DR - twobody\GetPosBySDK\Debug\CL.read.1.tlog
C:\Users\user\Desktop\Yan Wei\C++\GetPosBySDK - 3DR - twobody\GetPosBySDK\Debug\CL.write.1.tlog
C:\USERS\USER\DESKTOP\YAN WEI\C++\GETPOSBYSDK - 3DR - TWOBODY\GETPOSBYSDK\DEBUG\CMD.OBJ
C:\Users\user\Desktop\Yan Wei\C++\GetPosBySDK - 3DR - twobody\GetPosBySDK\Debug\GetPosBySDK.exe.embed.manifest
C:\USERS\USER\DESKTOP\YAN WEI\C++\GETPOSBYSDK - 3DR - TWOBODY\GETPOSBYSDK\DEBUG\GETPOSBYSDK.EXE.EMBED.MANIFEST.RES
C:\USERS\USER\DESKTOP\YAN WEI\C++\GETPOSBYSDK - 3DR - TWOBODY\GETPOSBYSDK\DEBUG\GETPOSBYSDK.EXE.INTERMEDIATE.MANIFEST
C:\USERS\USER\DESKTOP\YAN WEI\C++\GETPOSBYSDK - 3DR - TWOBODY\GETPOSBYSDK\DEBUG\GETPOSBYSDK.OBJ
C:\USERS\USER\DESKTOP\YAN WEI\C++\GETPOSBYSDK - 3DR - TWOBODY\GETPOSBYSDK\DEBUG\GETPOSBYSDK.PCH
C:\Users\user\Desktop\Yan Wei\C++\GetPosBySDK - 3DR - twobody\GetPosBySDK\Debug\GetPosBySDK.vcxprojResolveAssemblyReference.cache
C:\Users\user\Desktop\Yan Wei\C++\GetPosBySDK - 3DR - twobody\GetPosBySDK\Debug\GetPosBySDK.write.1.tlog
C:\Users\user\Desktop\Yan Wei\C++\GetPosBySDK - 3DR - twobody\GetPosBySDK\Debug\GetPosBySDK_manifest.rc
C:\Users\user\Desktop\Yan Wei\C++\GetPosBySDK - 3DR - twobody\GetPosBySDK\Debug\link.1028.read.1.tlog
C:\Users\user\Desktop\Yan Wei\C++\GetPosBySDK - 3DR - twobody\GetPosBySDK\Debug\link.1028.write.1.tlog
C:\Users\user\Desktop\Yan Wei\C++\GetPosBySDK - 3DR - twobody\GetPosBySDK\Debug\link.1028-cvtres.read.1.tlog
C:\Users\user\Desktop\Yan Wei\C++\GetPosBySDK - 3DR - twobody\GetPosBySDK\Debug\link.1028-cvtres.write.1.tlog
C:\Users\user\Desktop\Yan Wei\C++\GetPosBySDK - 3DR - twobody\GetPosBySDK\Debug\link.1088.read.1.tlog
C:\Users\user\Desktop\Yan Wei\C++\GetPosBySDK - 3DR - twobody\GetPosBySDK\Debug\link.1088.write.1.tlog
C:\Users\user\Desktop\Yan Wei\C++\GetPosBySDK - 3DR - twobody\GetPosBySDK\Debug\link.1088-cvtres.read.1.tlog
C:\Users\user\Desktop\Yan Wei\C++\GetPosBySDK - 3DR - twobody\GetPosBySDK\Debug\link.1088-cvtres.write.1.tlog
C:\Users\user\Desktop\Yan Wei\C++\GetPosBySDK - 3DR - twobody\GetPosBySDK\Debug\link.1168.read.1.tlog
C:\Users\user\Desktop\Yan Wei\C++\GetPosBySDK - 3DR - twobody\GetPosBySDK\Debug\link.1168.write.1.tlog
C:\Users\user\Desktop\Yan Wei\C++\GetPosBySDK - 3DR - twobody\GetPosBySDK\Debug\link.1168-cvtres.read.1.tlog
C:\Users\user\Desktop\Yan Wei\C++\GetPosBySDK - 3DR - twobody\GetPosBySDK\Debug\link.1168-cvtres.write.1.tlog
C:\Users\user\Desktop\Yan Wei\C++\GetPosBySDK - 3DR - twobody\GetPosBySDK\Debug\link.1176.read.1.tlog
C:\Users\user\Desktop\Yan Wei\C++\GetPosBySDK - 3DR - twobody\GetPosBySDK\Debug\link.1176.write.1.tlog
C:\Users\user\Desktop\Yan Wei\C++\GetPosBySDK - 3DR - twobody\GetPosBySDK\Debug\link.1176-cvtres.read.1.tlog
C:\Users\user\Desktop\Yan Wei\C++\GetPosBySDK - 3DR - twobody\GetPosBySDK\Debug\link.1176-cvtres.write.1.tlog
C:\Users\user\Desktop\Yan Wei\C++\GetPosBySDK - 3DR - twobody\GetPosBySDK\Debug\link.1556.read.1.tlog
C:\Users\user\Desktop\Yan Wei\C++\GetPosBySDK - 3DR - twobody\GetPosBySDK\Debug\link.1556.write.1.tlog
C:\Users\user\Desktop\Yan Wei\C++\GetPosBySDK - 3DR - twobody\GetPosBySDK\Debug\link.1556-cvtres.read.1.tlog
C:\Users\user\Desktop\Yan Wei\C++\GetPosBySDK - 3DR - twobody\GetPosBySDK\Debug\link.1556-cvtres.write.1.tlog
C:\Users\user\Desktop\Yan Wei\C++\GetPosBySDK - 3DR - twobody\GetPosBySDK\Debug\link.1704.read.1.tlog
C:\Users\user\Desktop\Yan Wei\C++\GetPosBySDK - 3DR - twobody\GetPosBySDK\Debug\link.1704.write.1.tlog
C:\Users\user\Desktop\Yan Wei\C++\GetPosBySDK - 3DR - twobody\GetPosBySDK\Debug\link.1704-cvtres.read.1.tlog
C:\Users\user\Desktop\Yan Wei\C++\GetPosBySDK - 3DR - twobody\GetPosBySDK\Debug\link.1704-cvtres.write.1.tlog
C:\Users\user\Desktop\Yan Wei\C++\GetPosBySDK - 3DR - twobody\GetPosBySDK\Debug\link.1748.read.1.tlog
C:\Users\user\Desktop\Yan Wei\C++\GetPosBySDK - 3DR - twobody\GetPosBySDK\Debug\link.1748.write.1.tlog
C:\Users\user\Desktop\Yan Wei\C++\GetPosBySDK - 3DR - twobody\GetPosBySDK\Debug\link.1748-cvtres.read.1.tlog
C:\Users\user\Desktop\Yan Wei\C++\GetPosBySDK - 3DR - twobody\GetPosBySDK\Debug\link.1748-cvtres.write.1.tlog
C:\Users\user\Desktop\Yan Wei\C++\GetPosBySDK - 3DR - twobody\GetPosBySDK\Debug\link.3360.read.1.tlog
C:\Users\user\Desktop\Yan Wei\C++\GetPosBySDK - 3DR - twobody\GetPosBySDK\Debug\link.3360.write.1.tlog
C:\Users\user\Desktop\Yan Wei\C++\GetPosBySDK - 3DR - twobody\GetPosBySDK\Debug\link.3360-cvtres.read.1.tlog
C:\Users\user\Desktop\Yan Wei\C++\GetPosBySDK - 3DR - twobody\GetPosBySDK\Debug\link.3360-cvtres.write.1.tlog
C:\Users\user\Desktop\Yan Wei\C++\GetPosBySDK - 3DR - twobody\GetPosBySDK\Debug\link.3588.read.1.tlog
C:\Users\user\Desktop\Yan Wei\C++\GetPosBySDK - 3DR - twobody\GetPosBySDK\Debug\link.3588.write.1.tlog
C:\Users\user\Desktop\Yan Wei\C++\GetPosBySDK - 3DR - twobody\GetPosBySDK\Debug\link.3588-cvtres.read.1.tlog
C:\Users\user\Desktop\Yan Wei\C++\GetPosBySDK - 3DR - twobody\GetPosBySDK\Debug\link.3588-cvtres.write.1.tlog
C:\Users\user\Desktop\Yan Wei\C++\GetPosBySDK - 3DR - twobody\GetPosBySDK\Debug\link.3656.read.1.tlog
C:\Users\user\Desktop\Yan Wei\C++\GetPosBySDK - 3DR - twobody\GetPosBySDK\Debug\link.3656.write.1.tlog
C:\Users\user\Desktop\Yan Wei\C++\GetPosBySDK - 3DR - twobody\GetPosBySDK\Debug\link.3656-cvtres.read.1.tlog
C:\Users\user\Desktop\Yan Wei\C++\GetPosBySDK - 3DR - twobody\GetPosBySDK\Debug\link.3656-cvtres.write.1.tlog
C:\Users\user\Desktop\Yan Wei\C++\GetPosBySDK - 3DR - twobody\GetPosBySDK\Debug\link.4040.read.1.tlog
C:\Users\user\Desktop\Yan Wei\C++\GetPosBySDK - 3DR - twobody\GetPosBySDK\Debug\link.4040.write.1.tlog
C:\Users\user\Desktop\Yan Wei\C++\GetPosBySDK - 3DR - twobody\GetPosBySDK\Debug\link.4040-cvtres.read.1.tlog
C:\Users\user\Desktop\Yan Wei\C++\GetPosBySDK - 3DR - twobody\GetPosBySDK\Debug\link.4040-cvtres.write.1.tlog
C:\Users\user\Desktop\Yan Wei\C++\GetPosBySDK - 3DR - twobody\GetPosBySDK\Debug\link.4408.read.1.tlog
C:\Users\user\Desktop\Yan Wei\C++\GetPosBySDK - 3DR - twobody\GetPosBySDK\Debug\link.4408.write.1.tlog
C:\Users\user\Desktop\Yan Wei\C++\GetPosBySDK - 3DR - twobody\GetPosBySDK\Debug\link.4408-cvtres.read.1.tlog
C:\Users\user\Desktop\Yan Wei\C++\GetPosBySDK - 3DR - twobody\GetPosBySDK\Debug\link.4408-cvtres.write.1.tlog
C:\Users\user\Desktop\Yan Wei\C++\GetPosBySDK - 3DR - twobody\GetPosBySDK\Debug\link.4428.read.1.tlog
C:\Users\user\Desktop\Yan Wei\C++\GetPosBySDK - 3DR - twobody\GetPosBySDK\Debug\link.4428.write.1.tlog
C:\Users\user\Desktop\Yan Wei\C++\GetPosBySDK - 3DR - twobody\GetPosBySDK\Debug\link.4428-cvtres.read.1.tlog
C:\Users\user\Desktop\Yan Wei\C++\GetPosBySDK - 3DR - twobody\GetPosBySDK\Debug\link.4428-cvtres.write.1.tlog
C:\Users\user\Desktop\Yan Wei\C++\GetPosBySDK - 3DR - twobody\GetPosBySDK\Debug\link.4560.read.1.tlog
C:\Users\user\Desktop\Yan Wei\C++\GetPosBySDK - 3DR - twobody\GetPosBySDK\Debug\link.4560.write.1.tlog
C:\Users\user\Desktop\Yan Wei\C++\GetPosBySDK - 3DR - twobody\GetPosBySDK\Debug\link.4560-cvtres.read.1.tlog
C:\Users\user\Desktop\Yan Wei\C++\GetPosBySDK - 3DR - twobody\GetPosBySDK\Debug\link.4560-cvtres.write.1.tlog
C:\Users\user\Desktop\Yan Wei\C++\GetPosBySDK - 3DR - twobody\GetPosBySDK\Debug\link.4720.read.1.tlog
C:\Users\user\Desktop\Yan Wei\C++\GetPosBySDK - 3DR - twobody\GetPosBySDK\Debug\link.4720.write.1.tlog
C:\Users\user\Desktop\Yan Wei\C++\GetPosBySDK - 3DR - twobody\GetPosBySDK\Debug\link.4720-cvtres.read.1.tlog
C:\Users\user\Desktop\Yan Wei\C++\GetPosBySDK - 3DR - twobody\GetPosBySDK\Debug\link.4720-cvtres.write.1.tlog
C:\Users\user\Desktop\Yan Wei\C++\GetPosBySDK - 3DR - twobody\GetPosBySDK\Debug\link.584.read.1.tlog
C:\Users\user\Desktop\Yan Wei\C++\GetPosBySDK - 3DR - twobody\GetPosBySDK\Debug\link.584.write.1.tlog
C:\Users\user\Desktop\Yan Wei\C++\GetPosBySDK - 3DR - twobody\GetPosBySDK\Debug\link.584-cvtres.read.1.tlog
C:\Users\user\Desktop\Yan Wei\C++\GetPosBySDK - 3DR - twobody\GetPosBySDK\Debug\link.584-cvtres.write.1.tlog
C:\Users\user\Desktop\Yan Wei\C++\GetPosBySDK - 3DR - twobody\GetPosBySDK\Debug\link.688.read.1.tlog
C:\Users\user\Desktop\Yan Wei\C++\GetPosBySDK - 3DR - twobody\GetPosBySDK\Debug\link.688.write.1.tlog
C:\Users\user\Desktop\Yan Wei\C++\GetPosBySDK - 3DR - twobody\GetPosBySDK\Debug\link.688-cvtres.read.1.tlog
C:\Users\user\Desktop\Yan Wei\C++\GetPosBySDK - 3DR - twobody\GetPosBySDK\Debug\link.688-cvtres.write.1.tlog
C:\Users\user\Desktop\Yan Wei\C++\GetPosBySDK - 3DR - twobody\GetPosBySDK\Debug\link.command.1.tlog
C:\Users\user\Desktop\Yan Wei\C++\GetPosBySDK - 3DR - twobody\GetPosBySDK\Debug\link.read.1.tlog
C:\Users\user\Desktop\Yan Wei\C++\GetPosBySDK - 3DR - twobody\GetPosBySDK\Debug\link.write.1.tlog
C:\Users\user\Desktop\Yan Wei\C++\GetPosBySDK - 3DR - twobody\GetPosBySDK\Debug\link-cvtres.read.1.tlog
C:\Users\user\Desktop\Yan Wei\C++\GetPosBySDK - 3DR - twobody\GetPosBySDK\Debug\link-cvtres.write.1.tlog
C:\Users\user\Desktop\Yan Wei\C++\GetPosBySDK - 3DR - twobody\GetPosBySDK\Debug\mt.command.1.tlog
C:\Users\user\Desktop\Yan Wei\C++\GetPosBySDK - 3DR - twobody\GetPosBySDK\Debug\mt.read.1.tlog
C:\Users\user\Desktop\Yan Wei\C++\GetPosBySDK - 3DR - twobody\GetPosBySDK\Debug\mt.write.1.tlog
C:\USERS\USER\DESKTOP\YAN WEI\C++\GETPOSBYSDK - 3DR - TWOBODY\GETPOSBYSDK\DEBUG\PENDULUM.OBJ
C:\USERS\USER\DESKTOP\YAN WEI\C++\GETPOSBYSDK - 3DR - TWOBODY\GETPOSBYSDK\DEBUG\PIDCONTROLLER.OBJ
C:\Users\user\Desktop\Yan Wei\C++\GetPosBySDK - 3DR - twobody\GetPosBySDK\Debug\rc.command.1.tlog
C:\Users\user\Desktop\Yan Wei\C++\GetPosBySDK - 3DR - twobody\GetPosBySDK\Debug\rc.read.1.tlog
C:\Users\user\Desktop\Yan Wei\C++\GetPosBySDK - 3DR - twobody\GetPosBySDK\Debug\rc.write.1.tlog
C:\USERS\USER\DESKTOP\YAN WEI\C++\GETPOSBYSDK - 3DR - TWOBODY\GETPOSBYSDK\DEBUG\STDAFX.OBJ
C:\Users\user\Desktop\Yan Wei\C++\GetPosBySDK - 3DR - twobody\GetPosBySDK\Debug\vc100.idb
C:\USERS\USER\DESKTOP\YAN WEI\C++\GETPOSBYSDK - 3DR - TWOBODY\GETPOSBYSDK\DEBUG\VC100.PDB
C:\USERS\USER\DESKTOP\YAN WEI\C++\GETPOSBYSDK - 3DR\DEBUG\GETPOSBYSDK.EXE
C:\USERS\USER\DESKTOP\YAN WEI\C++\GETPOSBYSDK - 3DR\DEBUG\GETPOSBYSDK.ILK
C:\USERS\USER\DESKTOP\YAN WEI\C++\GETPOSBYSDK - 3DR\DEBUG\GETPOSBYSDK.PDB
C:\USERS\USER\DESKTOP\YAN WEI\C++\GETPOSBYSDK - 3DR\GETPOSBYSDK\DEBUG\CMD.OBJ
C:\USERS\USER\DESKTOP\YAN WEI\C++\GETPOSBYSDK - 3DR\GETPOSBYSDK\DEBUG\GETPOSBYSDK.EXE.EMBED.MANIFEST
C:\USERS\USER\DESKTOP\YAN WEI\C++\GETPOSBYSDK - 3DR\GETPOSBYSDK\DEBUG\GETPOSBYSDK.EXE.EMBED.MANIFEST.RES
C:\USERS\USER\DESKTOP\YAN WEI\C++\GETPOSBYSDK - 3DR\GETPOSBYSDK\DEBUG\GETPOSBYSDK.EXE.INTERMEDIATE.MANIFEST
C:\USERS\USER\DESKTOP\YAN WEI\C++\GETPOSBYSDK - 3DR\GETPOSBYSDK\DEBUG\GETPOSBYSDK.OBJ
C:\USERS\USER\DESKTOP\YAN WEI\C++\GETPOSBYSDK - 3DR\GETPOSBYSDK\DEBUG\GETPOSBYSDK.PCH
C:\USERS\USER\DESKTOP\YAN WEI\C++\GETPOSBYSDK - 3DR\GETPOSBYSDK\DEBUG\PENDULUM.OBJ
C:\USERS\USER\DESKTOP\YAN WEI\C++\GETPOSBYSDK - 3DR\GETPOSBYSDK\DEBUG\PIDCONTROLLER.OBJ
C:\USERS\USER\DESKTOP\YAN WEI\C++\GETPOSBYSDK - 3DR\GETPOSBYSDK\DEBUG\STDAFX.OBJ
C:\USERS\USER\DESKTOP\YAN WEI\C++\GETPOSBYSDK - 3DR\GETPOSBYSDK\DEBUG\VC100.PDB
