C:\USERS\USER\DESKTOP\YAN WEI\C++\GETPOSBYSDK - 3DR\DEBUG\GETPOSBYSDK.EXE
C:\USERS\USER\DESKTOP\YAN WEI\C++\GETPOSBYSDK - 3DR\DEBUG\GETPOSBYSDK.ILK
C:\USERS\USER\DESKTOP\YAN WEI\C++\GETPOSBYSDK - 3DR\DEBUG\GETPOSBYSDK.PDB
C:\Users\user\Desktop\Yan Wei\C++\GetPosBySDK - 3DR\GetPosBySDK\Debug\cl.command.1.tlog
C:\Users\user\Desktop\Yan Wei\C++\GetPosBySDK - 3DR\GetPosBySDK\Debug\CL.read.1.tlog
C:\Users\user\Desktop\Yan Wei\C++\GetPosBySDK - 3DR\GetPosBySDK\Debug\CL.write.1.tlog
C:\USERS\USER\DESKTOP\YAN WEI\C++\GETPOSBYSDK - 3DR\GETPOSBYSDK\DEBUG\CMD.OBJ
C:\USERS\USER\DESKTOP\YAN WEI\C++\GETPOSBYSDK - 3DR\GETPOSBYSDK\DEBUG\GETPOSBYSDK.EXE.EMBED.MANIFEST
C:\USERS\USER\DESKTOP\YAN WEI\C++\GETPOSBYSDK - 3DR\GETPOSBYSDK\DEBUG\GETPOSBYSDK.EXE.EMBED.MANIFEST.RES
C:\USERS\USER\DESKTOP\YAN WEI\C++\GETPOSBYSDK - 3DR\GETPOSBYSDK\DEBUG\GETPOSBYSDK.EXE.INTERMEDIATE.MANIFEST
C:\USERS\USER\DESKTOP\YAN WEI\C++\GETPOSBYSDK - 3DR\GETPOSBYSDK\DEBUG\GETPOSBYSDK.OBJ
C:\USERS\USER\DESKTOP\YAN WEI\C++\GETPOSBYSDK - 3DR\GETPOSBYSDK\DEBUG\GETPOSBYSDK.PCH
C:\Users\user\Desktop\Yan Wei\C++\GetPosBySDK - 3DR\GetPosBySDK\Debug\GetPosBySDK.vcxprojResolveAssemblyReference.cache
C:\Users\user\Desktop\Yan Wei\C++\GetPosBySDK - 3DR\GetPosBySDK\Debug\GetPosBySDK.write.1.tlog
C:\Users\user\Desktop\Yan Wei\C++\GetPosBySDK - 3DR\GetPosBySDK\Debug\GetPosBySDK_manifest.rc
C:\Users\user\Desktop\Yan Wei\C++\GetPosBySDK - 3DR\GetPosBySDK\Debug\link.4152.read.1.tlog
C:\Users\user\Desktop\Yan Wei\C++\GetPosBySDK - 3DR\GetPosBySDK\Debug\link.4152.write.1.tlog
C:\Users\user\Desktop\Yan Wei\C++\GetPosBySDK - 3DR\GetPosBySDK\Debug\link.4152-cvtres.read.1.tlog
C:\Users\user\Desktop\Yan Wei\C++\GetPosBySDK - 3DR\GetPosBySDK\Debug\link.4152-cvtres.write.1.tlog
C:\Users\user\Desktop\Yan Wei\C++\GetPosBySDK - 3DR\GetPosBySDK\Debug\link.command.1.tlog
C:\Users\user\Desktop\Yan Wei\C++\GetPosBySDK - 3DR\GetPosBySDK\Debug\link.read.1.tlog
C:\Users\user\Desktop\Yan Wei\C++\GetPosBySDK - 3DR\GetPosBySDK\Debug\link.write.1.tlog
C:\Users\user\Desktop\Yan Wei\C++\GetPosBySDK - 3DR\GetPosBySDK\Debug\link-cvtres.read.1.tlog
C:\Users\user\Desktop\Yan Wei\C++\GetPosBySDK - 3DR\GetPosBySDK\Debug\link-cvtres.write.1.tlog
C:\Users\user\Desktop\Yan Wei\C++\GetPosBySDK - 3DR\GetPosBySDK\Debug\mt.command.1.tlog
C:\Users\user\Desktop\Yan Wei\C++\GetPosBySDK - 3DR\GetPosBySDK\Debug\mt.read.1.tlog
C:\Users\user\Desktop\Yan Wei\C++\GetPosBySDK - 3DR\GetPosBySDK\Debug\mt.write.1.tlog
C:\USERS\USER\DESKTOP\YAN WEI\C++\GETPOSBYSDK - 3DR\GETPOSBYSDK\DEBUG\PENDULUM.OBJ
C:\USERS\USER\DESKTOP\YAN WEI\C++\GETPOSBYSDK - 3DR\GETPOSBYSDK\DEBUG\PIDCONTROLLER.OBJ
C:\Users\user\Desktop\Yan Wei\C++\GetPosBySDK - 3DR\GetPosBySDK\Debug\rc.command.1.tlog
C:\Users\user\Desktop\Yan Wei\C++\GetPosBySDK - 3DR\GetPosBySDK\Debug\rc.read.1.tlog
C:\Users\user\Desktop\Yan Wei\C++\GetPosBySDK - 3DR\GetPosBySDK\Debug\rc.write.1.tlog
C:\USERS\USER\DESKTOP\YAN WEI\C++\GETPOSBYSDK - 3DR\GETPOSBYSDK\DEBUG\STDAFX.OBJ
C:\Users\user\Desktop\Yan Wei\C++\GetPosBySDK - 3DR\GetPosBySDK\Debug\vc100.idb
C:\USERS\USER\DESKTOP\YAN WEI\C++\GETPOSBYSDK - 3DR\GETPOSBYSDK\DEBUG\VC100.PDB
