生成启动时间为 2016/3/10 13:45:54。
     1>项目“D:\Study\socket\server\server\server\server.vcxproj”在节点 2 上(build 个目标)。
     1>InitializeBuildStatus:
         正在创建“Debug\server.unsuccessfulbuild”，因为已指定“AlwaysCreate”。
       ClCompile:
         所有输出均为最新。
         D:\Program Files (x86)\Microsoft Visual Studio 10.0\VC\bin\CL.exe /c /ZI /nologo /W3 /WX- /Od /Oy- /D WIN32 /D _DEBUG /D _CONSOLE /D _CRT_SECURE_NO_DEPRECATE /D _UNICODE /D UNICODE /Gm /EHsc /RTC1 /MDd /GS /fp:precise /Zc:wchar_t /Zc:forScope /Yu"StdAfx.h" /Fp"Debug\server.pch" /Fo"Debug\\" /Fd"Debug\vc100.pdb" /Gd /TP /analyze- /errorReport:prompt server.cpp
         server.cpp
     1>d:\study\socket\server\server\server\server.cpp(28): warning C4101: “sendBuf”: 未引用的局部变量
       Link:
         D:\Program Files (x86)\Microsoft Visual Studio 10.0\VC\bin\link.exe /ERRORREPORT:PROMPT /OUT:"D:\Study\socket\server\server\Debug\server.exe" /INCREMENTAL /NOLOGO opencv_ml249d.lib opencv_calib3d249d.lib opencv_contrib249d.lib opencv_core249d.lib opencv_features2d249d.lib opencv_flann249d.lib opencv_gpu249d.lib opencv_highgui249d.lib opencv_imgproc249d.lib opencv_legacy249d.lib opencv_objdetect249d.lib opencv_ts249d.lib opencv_video249d.lib opencv_nonfree249d.lib opencv_ocl249d.lib opencv_photo249d.lib opencv_stitching249d.lib opencv_superres249d.lib opencv_videostab249d.lib /MANIFEST /ManifestFile:"Debug\server.exe.intermediate.manifest" /MANIFESTUAC:"level='asInvoker' uiAccess='false'" /DEBUG /PDB:"D:\Study\socket\server\server\Debug\server.pdb" /SUBSYSTEM:CONSOLE /TLBID:1 /DYNAMICBASE /NXCOMPAT /IMPLIB:"D:\Study\socket\server\server\Debug\server.lib" /MACHINE:X86 Debug\server.obj
         Debug\stdafx.obj
         server.vcxproj -> D:\Study\socket\server\server\Debug\server.exe
       Manifest:
         C:\Program Files (x86)\Microsoft SDKs\Windows\v7.0A\bin\mt.exe /nologo /verbose /out:"D:\Study\socket\server\server\Debug\server.exe.manifest" /manifest Debug\server.exe.intermediate.manifest
       FinalizeBuildStatus:
         正在删除文件“Debug\server.unsuccessfulbuild”。
         正在对“Debug\server.lastbuildstate”执行 Touch 任务。
     1>已完成生成项目“D:\Study\socket\server\server\server\server.vcxproj”(build 个目标)的操作。

生成成功。

已用时间 00:00:02.49
